DiagnosticsPlugin.exe Information: 0 : [2019-03-15 9:35:45 PM] Starting DiagnosticPlugin.exe DiagnosticPlugin-ShutdownEvent DiagnosticPlugin-TotalShutdownEvent -wadVer1v5
DiagnosticsPlugin.exe Error: 0 : [2019-03-15 9:35:55 PM] Failed to save IIS Directory state
DiagnosticsPlugin.exe Error: 0 : [2019-03-15 9:35:55 PM] System.UnauthorizedAccessException: Filename: redirection.config
Error: Cannot read configuration file due to insufficient permissions


   at Microsoft.Web.Administration.Interop.IAppHostAdminManager.GetAdminSection(String bstrSectionName, String bstrPath)
   at Microsoft.Web.Administration.Configuration.GetSectionInternal(ConfigurationSection section, String sectionPath, String locationPath)
   at Microsoft.Web.Administration.ServerManager.SitesSectionCreator()
   at Microsoft.Web.Administration.Lazy.Initialize[T](T& target, CreateInstanceDelegate`1 valueFactory)
   at Microsoft.Web.Administration.ServerManager.SitesCollectionCreator()
   at Microsoft.Web.Administration.Lazy.Initialize[T](T& target, CreateInstanceDelegate`1 valueFactory)
   at Microsoft.Azure.Plugins.Plugin.DiagnosticsPluginManager.SaveIISDirectoryState()
DiagnosticsPlugin.exe Information: 0 : [2019-03-15 9:35:56 PM] Starting DiagnosticsPlugin
DiagnosticsPlugin.exe Information: 0 : [2019-03-15 9:35:56 PM] Emulator config file set to C:\Users\mjlee\Downloads\OOTD (1)\OOTD\OOTD.Azure\csx\Release\roles\OOTD\approot\diagnostics.wadcfgx
DiagnosticsPlugin.exe Information: 0 : [2019-03-15 9:35:56 PM] DiagnosticsStoreRootPath set to: C:\Users\mjlee\AppData\Local\dftmp\Resources\2f3aadaa-9652-44bf-b65a-792c53163167
DiagnosticsPlugin.exe Information: 0 : [2019-03-15 9:35:56 PM] Loading config file: C:\Users\mjlee\Downloads\OOTD (1)\OOTD\OOTD.Azure\csx\Release\roles\OOTD\approot\diagnostics.wadcfgx
DiagnosticsPlugin.exe Information: 0 : [2019-03-15 9:35:56 PM] Config file to read: C:\Users\mjlee\Downloads\OOTD (1)\OOTD\OOTD.Azure\csx\Release\roles\OOTD\approot\diagnostics.wadcfgx
DiagnosticsPlugin.exe Information: 0 : [2019-03-15 9:35:56 PM] Checking VM Type
DiagnosticsPlugin.exe Information: 0 : [2019-03-15 9:35:56 PM] Emulator config file set to C:\Users\mjlee\Downloads\OOTD (1)\OOTD\OOTD.Azure\csx\Release\roles\OOTD\approot\diagnostics.wadcfgx
DiagnosticsPlugin.exe Information: 0 : [2019-03-15 9:35:56 PM] Extension set to Emulator Mode
DiagnosticsPlugin.exe Information: 0 : [2019-03-15 9:35:56 PM] Reading XML configuration file
DiagnosticsPlugin.exe Information: 0 : [2019-03-15 9:35:56 PM] Bypassing private config decryption
DiagnosticsPlugin.exe Information: 0 : [2019-03-15 9:35:56 PM] WadCfg is provided in initial configuration. Using that to initialize Diagnostics.
DiagnosticsPlugin.exe Information: 0 : [2019-03-15 9:35:56 PM] <PublicConfig xmlns="http://schemas.microsoft.com/ServiceHosting/2010/10/DiagnosticsConfiguration">
  <WadCfg>
    <DiagnosticMonitorConfiguration overallQuotaInMB="4096" sinks="applicationInsights.errors">
      <DiagnosticInfrastructureLogs scheduledTransferLogLevelFilter="Error" />
      <Directories scheduledTransferPeriod="PT1M">
        <IISLogs containerName="wad-iis-logfiles" />
        <FailedRequestLogs containerName="wad-failedrequestlogs" />
      </Directories>
      <PerformanceCounters scheduledTransferPeriod="PT1M">
        <PerformanceCounterConfiguration counterSpecifier="\Memory\Available MBytes" sampleRate="PT3M" />
        <PerformanceCounterConfiguration counterSpecifier="\Web Service(_Total)\ISAPI Extension Requests/sec" sampleRate="PT3M" />
        <PerformanceCounterConfiguration counterSpecifier="\Web Service(_Total)\Bytes Total/Sec" sampleRate="PT3M" />
        <PerformanceCounterConfiguration counterSpecifier="\ASP.NET Applications(__Total__)\Requests/Sec" sampleRate="PT3M" />
        <PerformanceCounterConfiguration counterSpecifier="\ASP.NET Applications(__Total__)\Errors Total/Sec" sampleRate="PT3M" />
        <PerformanceCounterConfiguration counterSpecifier="\ASP.NET\Requests Queued" sampleRate="PT3M" />
        <PerformanceCounterConfiguration counterSpecifier="\ASP.NET\Requests Rejected" sampleRate="PT3M" />
        <PerformanceCounterConfiguration counterSpecifier="\Processor(_Total)\% Processor Time" sampleRate="PT3M" />
      </PerformanceCounters>
      <WindowsEventLog scheduledTransferPeriod="PT1M">
        <DataSource name="Application!*[System[(Level=1 or Level=2 or Level=3)]]" />
        <DataSource name="Windows Azure!*[System[(Level=1 or Level=2 or Level=3 or Level=4)]]" />
      </WindowsEventLog>
      <CrashDumps>
        <CrashDumpConfiguration processName="WaIISHost.exe" />
        <CrashDumpConfiguration processName="WaWorkerHost.exe" />
        <CrashDumpConfiguration processName="w3wp.exe" />
      </CrashDumps>
      <Logs scheduledTransferPeriod="PT1M" scheduledTransferLogLevelFilter="Error" />
    </DiagnosticMonitorConfiguration>
    <SinksConfig>
      <Sink name="applicationInsights">
        <ApplicationInsights>088339ee-a3df-4461-8a27-b161ecc8aa06</ApplicationInsights>
        <Channels>
          <Channel logLevel="Error" name="errors" />
        </Channels>
      </Sink>
    </SinksConfig>
  </WadCfg>
  <StorageAccount>devstoreaccount1</StorageAccount>
</PublicConfig>
DiagnosticsPlugin.exe Information: 0 : [2019-03-15 9:35:56 PM] Private setting is loaded
DiagnosticsPlugin.exe Information: 0 : [2019-03-15 9:35:56 PM] Is config json/xml loaded
DiagnosticsPlugin.exe Information: 0 : [2019-03-15 9:35:56 PM] Checking if configuration needs to be fetched from the storage account and doing so if needed.
DiagnosticsPlugin.exe Information: 0 : [2019-03-15 9:36:04 PM] Successfully created checkpoint file C:\Users\mjlee\AppData\Local\dftmp\Resources\2f3aadaa-9652-44bf-b65a-792c53163167\WAD0105\Configuration\Checkpoint.txt
DiagnosticsPlugin.exe Information: 0 : [2019-03-15 9:36:04 PM] Will use local resource directory C:\Users\mjlee\AppData\Local\dftmp\Resources\2f3aadaa-9652-44bf-b65a-792c53163167\WAD0105
DiagnosticsPlugin.exe Information: 0 : [2019-03-15 9:36:05 PM] Will use endpoint https://core.windows.net for storage.
DiagnosticsPlugin.exe Information: 0 : [2019-03-15 9:36:07 PM] Exception in creating the ServerManager; is IIS installed?
 Error:System.UnauthorizedAccessException: Filename: redirection.config
Error: Cannot read configuration file due to insufficient permissions


   at Microsoft.Web.Administration.Interop.IAppHostAdminManager.GetAdminSection(String bstrSectionName, String bstrPath)
   at Microsoft.Web.Administration.Configuration.GetSectionInternal(ConfigurationSection section, String sectionPath, String locationPath)
   at Microsoft.Web.Administration.ServerManager.SitesSectionCreator()
   at Microsoft.Web.Administration.Lazy.Initialize[T](T& target, CreateInstanceDelegate`1 valueFactory)
   at Microsoft.Web.Administration.ServerManager.SitesCollectionCreator()
   at Microsoft.Web.Administration.Lazy.Initialize[T](T& target, CreateInstanceDelegate`1 valueFactory)
   at Microsoft.Azure.Plugins.Plugin.WadConfigProcessor.AddDirectories(EventsType mdsEvents, Directories wadDirectories)
DiagnosticsPlugin.exe Information: 0 : [2019-03-15 9:36:07 PM] Running in emulator mode, crash dumps not enabled
DiagnosticsPlugin.exe Information: 0 : [2019-03-15 9:36:07 PM] Checking to see if Application Insights extension needs to be configured.
DiagnosticsPlugin.exe Information: 0 : [2019-03-15 9:36:07 PM] Adding Application Insights extension to MA config
DiagnosticsPlugin.exe Information: 0 : [2019-03-15 9:36:10 PM] In emulator mode and using devstore updating XStoreAccount info, command line args: -LocalPath "C:\Users\mjlee\AppData\Local\dftmp\Resources\2f3aadaa-9652-44bf-b65a-792c53163167\WAD0105"  -ConfigFile "C:\Users\mjlee\AppData\Local\dftmp\Resources\2f3aadaa-9652-44bf-b65a-792c53163167\WAD0105\Configuration\MaConfig.xml" -ShutDownEvent WADDM-ShutDown-15b5aa78f0f34270b824e440ac6a2f94  -TotalShutDownEvent WADDM-TotalShutDown-15b5aa78f0f34270b824e440ac6a2f94 -InitializedEvent WADM-StartUp-15b5aa78f0f34270b824e440ac6a2f94 -parent 12212 -events -wadVer1v5 -UseProxyServer -XStoreAccounts WadAccount#true#devstoreaccount1#Eby8vdM02xNOcqFlqUwJPLlmEtlCDXJ1OUzFT50uSRZ6IFsuFq2UVErCz4I6tq/K1SZFPTOtr/KBHBeksoGMGw==#http://127.0.0.1:10002#http://127.0.0.1:10001#http://127.0.0.1:10000
DiagnosticsPlugin.exe Error: 0 : [2019-03-15 9:36:41 PM] Microsoft.Cis.Monitoring.Query.QueryException: ErrorFail
   at Microsoft.Cis.Monitoring.Query.QueryLocalTable..ctor(String TableName, String TablePath)
   at ApplicationInsightsExtension.MATableReader.ReadTableRecords(String tableName, String tablePath, DateTime startTime, DateTime endTime)
   at Microsoft.Azure.Plugins.Diagnostics.dll.MAStatusWriter.UpdateStatusReport(Object sender, ElapsedEventArgs e)
DiagnosticsPlugin.exe Information: 0 : [2019-03-15 9:37:10 PM] MonAgentHost.exe started
DiagnosticsPlugin.exe Information: 0 : [2019-03-15 9:37:10 PM] DiagnoticsPlugin started.
DiagnosticsPlugin.exe Information: 0 : [2019-03-15 9:37:10 PM] DiagnoticsPlugin now waiting on events "DiagnosticPlugin-ShutdownEvent", "DiagnosticPlugin-TotalShutdownEvent" or "DiagnosticPlugin-RestartEvent".
DiagnosticsPlugin.exe Error: 0 : [2019-03-15 9:37:10 PM] Microsoft.Cis.Monitoring.Query.QueryException: ErrorFail
   at Microsoft.Cis.Monitoring.Query.QueryLocalTable..ctor(String TableName, String TablePath)
   at ApplicationInsightsExtension.MATableReader.ReadTableRecords(String tableName, String tablePath, DateTime startTime, DateTime endTime)
   at Microsoft.Azure.Plugins.Diagnostics.dll.MAStatusWriter.UpdateStatusReport(Object sender, ElapsedEventArgs e)
